[14:12:23] [Server thread/INFO]: Starting minecraft server version 1.8.8
[14:12:23] [Server thread/WARN]: To start the server with more ram, launch it as "java -Xmx1024M -Xms1024M -jar minecraft_server.jar"
[14:12:23] [Server thread/INFO]: Loading properties
[14:12:23] [Server thread/INFO]: Default game type: SURVIVAL
[14:12:25] [Server thread/INFO]: This server is running PandaSpigot version git-PandaSpigot-85 (MC: 1.8.8) (Implementing API version 1.8.8-R0.1-SNAPSHOT) (Git: 158d845)
[14:12:26] [Server thread/INFO]: Server Ping Player Sample Count: 12
[14:12:26] [Server thread/INFO]: Spigot Timings: true - Verbose: true - Interval: 5m - Length: 60m
[14:12:26] [Server thread/INFO]: Using 4 threads for Netty based IO
[14:12:26] [Server thread/INFO]: Debug logging is disabled
[14:12:30] [Server thread/INFO]: Data value allowed items: 
[14:12:30] [Server thread/INFO]: Generating keypair
[14:12:32] [Server thread/INFO]: Starting Minecraft server on localhost:25565
[14:12:32] [Server thread/INFO]: Set PluginClassLoader as parallel capable
[14:12:32] [Server thread/INFO]: [ProtocolSupport] Loading ProtocolSupport v4.23.dev
[14:12:33] [Server thread/INFO]: [ProtocolSupport] Allocator: PooledByteBufAllocator(directByDefault: true), direct: true
[14:12:33] [Server thread/INFO]: [ProtocolSupport] Compression level: 3
[14:12:34] [Server thread/INFO]: [ProtocolSupport] Assume 1.5.2 ping delay: 100
[14:12:34] [Server thread/INFO]: [ProtocolSupport] Assume legacy ping dealy: 200
[14:12:34] [Server thread/INFO]: [ProtocolSupport] Login threads max count: 8, keep alive time: 60
[14:12:34] [Server thread/WARN]: [ProtocolSupport] Native transport is enabled, this may causes issues. Disable it by setting use-native-transport in server.properties to false.
[14:12:34] [Server thread/INFO]: [ProtocolSupport] Using injected ServerConnection
[14:12:34] [Server thread/INFO]: [ProtocolSupport] Enabling ProtocolSupport v4.23.dev
[14:12:34] [Server thread/WARN]: **** SERVER IS RUNNING IN OFFLINE/INSECURE MODE!
[14:12:34] [Server thread/WARN]: The server will make no attempt to authenticate usernames. Beware.
[14:12:34] [Server thread/WARN]: While this makes the game possible to play without internet access, it also opens up the ability for hackers to connect with any username they choose.
[14:12:34] [Server thread/WARN]: To change this, set "online-mode" to "true" in the server.properties file.
[14:12:34] [Server thread/INFO]: **** Beginning UUID conversion, this may take A LONG time ****
[14:12:34] [Server thread/INFO]: Preparing level "world"
[14:12:34] [Server thread/INFO]: -------- World Settings For [world] --------
[14:12:34] [Server thread/INFO]: Chunks to Grow per Tick: 650
[14:12:34] [Server thread/INFO]: Clear tick list: false
[14:12:34] [Server thread/INFO]: Experience Merge Radius: 3.0
[14:12:34] [Server thread/INFO]: Nerfing mobs spawned from spawners: false
[14:12:34] [Server thread/INFO]: Cactus Growth Modifier: 100%
[14:12:34] [Server thread/INFO]: Cane Growth Modifier: 100%
[14:12:34] [Server thread/INFO]: Melon Growth Modifier: 100%
[14:12:34] [Server thread/INFO]: Mushroom Growth Modifier: 100%
[14:12:34] [Server thread/INFO]: Pumpkin Growth Modifier: 100%
[14:12:34] [Server thread/INFO]: Sapling Growth Modifier: 100%
[14:12:34] [Server thread/INFO]: Wheat Growth Modifier: 100%
[14:12:34] [Server thread/INFO]: NetherWart Growth Modifier: 100%
[14:12:34] [Server thread/INFO]: Entity Activation Range: An 32 / Mo 32 / Mi 16
[14:12:34] [Server thread/INFO]: Anti X-Ray: true
[14:12:34] [Server thread/INFO]: 	Engine Mode: 1
[14:12:34] [Server thread/INFO]: 	Hidden Blocks: [14, 15, 16, 21, 48, 49, 54, 56, 73, 74, 82, 129, 130]
[14:12:34] [Server thread/INFO]: 	Replace Blocks: [1, 5]
[14:12:34] [Server thread/INFO]: Mob Spawn Range: 4
[14:12:34] [Server thread/INFO]: Entity Tracking Range: Pl 48 / An 48 / Mo 48 / Mi 32 / Other 64
[14:12:34] [Server thread/INFO]: Hopper Transfer: 8 Hopper Check: 8 Hopper Amount: 1
[14:12:34] [Server thread/INFO]: Random Lighting Updates: false
[14:12:34] [Server thread/INFO]: Structure Info Saving: true
[14:12:35] [Server thread/INFO]: Sending up to 10 chunks per packet
[14:12:35] [Server thread/INFO]: Max Entity Collisions: 8
[14:12:35] [Server thread/INFO]: Custom Map Seeds:  Village: 10387312 Feature: 14357617
[14:12:35] [Server thread/INFO]: Max TNT Explosions: 100
[14:12:35] [Server thread/INFO]: Tile Max Tick Time: 50ms Entity max Tick Time: 50ms
[14:12:35] [Server thread/INFO]: Item Despawn Rate: 6000
[14:12:35] [Server thread/INFO]: Item Merge Radius: 2.5
[14:12:35] [Server thread/INFO]: Arrow Despawn Rate: 1200
[14:12:35] [Server thread/INFO]: Allow Zombie Pigmen to spawn from portal blocks: true
[14:12:35] [Server thread/INFO]: View Distance: 10
[14:12:35] [Server thread/INFO]: Zombie Aggressive Towards Villager: true
[14:12:35] [Server thread/INFO]: -------- World Settings For [world] --------
[14:12:35] [Server thread/INFO]: Keep spawn chunk loaded: true
[14:12:35] [Server thread/INFO]: WorldServer TickNextTick cap set at 10000
[14:12:35] [Server thread/INFO]: WorldServer TickNextTickList cap always processes redstone: false
[14:12:35] [Server thread/INFO]: World async lighting: false
[14:12:35] [Server thread/INFO]: Remove invalid mob spawner tile entities: true
[14:12:35] [Server thread/INFO]: Living Entity Despawn Ranges:  Soft: 32 Hard: 128
[14:12:35] [Server thread/INFO]: Player blocking damage multiplier set to 0.5
[14:12:35] [Server thread/INFO]: Max height for cactus growth 3. Max height for reed growth 3
[14:12:35] [Server thread/INFO]: Squids will spawn between Y: 45.0 and Y: 63.0
[14:12:35] [Server thread/INFO]: Fix TNT cannons: false
[14:12:35] [Server thread/INFO]: Water over lava flow speed: 5
[14:12:35] [Server thread/INFO]: Allow undead horse types to be leashed: false
[14:12:35] [Server thread/INFO]: -------- World Settings For [world_nether] --------
[14:12:35] [Server thread/INFO]: Chunks to Grow per Tick: 650
[14:12:35] [Server thread/INFO]: Clear tick list: false
[14:12:35] [Server thread/INFO]: Experience Merge Radius: 3.0
[14:12:35] [Server thread/INFO]: Nerfing mobs spawned from spawners: false
[14:12:35] [Server thread/INFO]: Cactus Growth Modifier: 100%
[14:12:35] [Server thread/INFO]: Cane Growth Modifier: 100%
[14:12:35] [Server thread/INFO]: Melon Growth Modifier: 100%
[14:12:35] [Server thread/INFO]: Mushroom Growth Modifier: 100%
[14:12:35] [Server thread/INFO]: Pumpkin Growth Modifier: 100%
[14:12:35] [Server thread/INFO]: Sapling Growth Modifier: 100%
[14:12:35] [Server thread/INFO]: Wheat Growth Modifier: 100%
[14:12:35] [Server thread/INFO]: NetherWart Growth Modifier: 100%
[14:12:35] [Server thread/INFO]: Entity Activation Range: An 32 / Mo 32 / Mi 16
[14:12:35] [Server thread/INFO]: Anti X-Ray: true
[14:12:35] [Server thread/INFO]: 	Engine Mode: 1
[14:12:35] [Server thread/INFO]: 	Hidden Blocks: [14, 15, 16, 21, 48, 49, 54, 56, 73, 74, 82, 129, 130]
[14:12:35] [Server thread/INFO]: 	Replace Blocks: [1, 5]
[14:12:35] [Server thread/INFO]: Mob Spawn Range: 4
[14:12:35] [Server thread/INFO]: Entity Tracking Range: Pl 48 / An 48 / Mo 48 / Mi 32 / Other 64
[14:12:35] [Server thread/INFO]: Hopper Transfer: 8 Hopper Check: 8 Hopper Amount: 1
[14:12:35] [Server thread/INFO]: Random Lighting Updates: false
[14:12:35] [Server thread/INFO]: Structure Info Saving: true
[14:12:35] [Server thread/INFO]: Sending up to 10 chunks per packet
[14:12:35] [Server thread/INFO]: Max Entity Collisions: 8
[14:12:35] [Server thread/INFO]: Custom Map Seeds:  Village: 10387312 Feature: 14357617
[14:12:35] [Server thread/INFO]: Max TNT Explosions: 100
[14:12:35] [Server thread/INFO]: Tile Max Tick Time: 50ms Entity max Tick Time: 50ms
[14:12:35] [Server thread/INFO]: Item Despawn Rate: 6000
[14:12:35] [Server thread/INFO]: Item Merge Radius: 2.5
[14:12:35] [Server thread/INFO]: Arrow Despawn Rate: 1200
[14:12:35] [Server thread/INFO]: Allow Zombie Pigmen to spawn from portal blocks: true
[14:12:35] [Server thread/INFO]: View Distance: 10
[14:12:35] [Server thread/INFO]: Zombie Aggressive Towards Villager: true
[14:12:35] [Server thread/INFO]: -------- World Settings For [world_nether] --------
[14:12:35] [Server thread/INFO]: Keep spawn chunk loaded: true
[14:12:36] [Server thread/INFO]: WorldServer TickNextTick cap set at 10000
[14:12:36] [Server thread/INFO]: WorldServer TickNextTickList cap always processes redstone: false
[14:12:36] [Server thread/INFO]: World async lighting: false
[14:12:36] [Server thread/INFO]: Remove invalid mob spawner tile entities: true
[14:12:36] [Server thread/INFO]: Living Entity Despawn Ranges:  Soft: 32 Hard: 128
[14:12:36] [Server thread/INFO]: Player blocking damage multiplier set to 0.5
[14:12:36] [Server thread/INFO]: Max height for cactus growth 3. Max height for reed growth 3
[14:12:36] [Server thread/INFO]: Squids will spawn between Y: 45.0 and Y: 63.0
[14:12:36] [Server thread/INFO]: Fix TNT cannons: false
[14:12:36] [Server thread/INFO]: Water over lava flow speed: 5
[14:12:36] [Server thread/INFO]: Allow undead horse types to be leashed: false
[14:12:36] [Server thread/INFO]: -------- World Settings For [world_the_end] --------
[14:12:36] [Server thread/INFO]: Chunks to Grow per Tick: 650
[14:12:36] [Server thread/INFO]: Clear tick list: false
[14:12:36] [Server thread/INFO]: Experience Merge Radius: 3.0
[14:12:36] [Server thread/INFO]: Nerfing mobs spawned from spawners: false
[14:12:36] [Server thread/INFO]: Cactus Growth Modifier: 100%
[14:12:36] [Server thread/INFO]: Cane Growth Modifier: 100%
[14:12:36] [Server thread/INFO]: Melon Growth Modifier: 100%
[14:12:36] [Server thread/INFO]: Mushroom Growth Modifier: 100%
[14:12:36] [Server thread/INFO]: Pumpkin Growth Modifier: 100%
[14:12:36] [Server thread/INFO]: Sapling Growth Modifier: 100%
[14:12:36] [Server thread/INFO]: Wheat Growth Modifier: 100%
[14:12:36] [Server thread/INFO]: NetherWart Growth Modifier: 100%
[14:12:36] [Server thread/INFO]: Entity Activation Range: An 32 / Mo 32 / Mi 16
[14:12:36] [Server thread/INFO]: Anti X-Ray: true
[14:12:36] [Server thread/INFO]: 	Engine Mode: 1
[14:12:36] [Server thread/INFO]: 	Hidden Blocks: [14, 15, 16, 21, 48, 49, 54, 56, 73, 74, 82, 129, 130]
[14:12:36] [Server thread/INFO]: 	Replace Blocks: [1, 5]
[14:12:36] [Server thread/INFO]: Mob Spawn Range: 4
[14:12:36] [Server thread/INFO]: Entity Tracking Range: Pl 48 / An 48 / Mo 48 / Mi 32 / Other 64
[14:12:36] [Server thread/INFO]: Hopper Transfer: 8 Hopper Check: 8 Hopper Amount: 1
[14:12:36] [Server thread/INFO]: Random Lighting Updates: false
[14:12:36] [Server thread/INFO]: Structure Info Saving: true
[14:12:36] [Server thread/INFO]: Sending up to 10 chunks per packet
[14:12:36] [Server thread/INFO]: Max Entity Collisions: 8
[14:12:36] [Server thread/INFO]: Custom Map Seeds:  Village: 10387312 Feature: 14357617
[14:12:36] [Server thread/INFO]: Max TNT Explosions: 100
[14:12:36] [Server thread/INFO]: Tile Max Tick Time: 50ms Entity max Tick Time: 50ms
[14:12:36] [Server thread/INFO]: Item Despawn Rate: 6000
[14:12:36] [Server thread/INFO]: Item Merge Radius: 2.5
[14:12:36] [Server thread/INFO]: Arrow Despawn Rate: 1200
[14:12:36] [Server thread/INFO]: Allow Zombie Pigmen to spawn from portal blocks: true
[14:12:36] [Server thread/INFO]: View Distance: 10
[14:12:36] [Server thread/INFO]: Zombie Aggressive Towards Villager: true
[14:12:36] [Server thread/INFO]: -------- World Settings For [world_the_end] --------
[14:12:36] [Server thread/INFO]: Keep spawn chunk loaded: true
[14:12:36] [Server thread/INFO]: WorldServer TickNextTick cap set at 10000
[14:12:36] [Server thread/INFO]: WorldServer TickNextTickList cap always processes redstone: false
[14:12:36] [Server thread/INFO]: World async lighting: false
[14:12:36] [Server thread/INFO]: Remove invalid mob spawner tile entities: true
[14:12:36] [Server thread/INFO]: Living Entity Despawn Ranges:  Soft: 32 Hard: 128
[14:12:36] [Server thread/INFO]: Player blocking damage multiplier set to 0.5
[14:12:36] [Server thread/INFO]: Max height for cactus growth 3. Max height for reed growth 3
[14:12:36] [Server thread/INFO]: Squids will spawn between Y: 45.0 and Y: 63.0
[14:12:36] [Server thread/INFO]: Fix TNT cannons: false
[14:12:36] [Server thread/INFO]: Water over lava flow speed: 5
[14:12:36] [Server thread/INFO]: Allow undead horse types to be leashed: false
[14:12:36] [Server thread/INFO]: Preparing start region for level 0 (Seed: 858827381333177539)
[14:12:37] [Server thread/INFO]: Preparing spawn area: 0%
[14:12:38] [Server thread/INFO]: Preparing spawn area: 8%
[14:12:39] [Server thread/INFO]: Preparing spawn area: 18%
[14:12:40] [Server thread/INFO]: Preparing spawn area: 30%
[14:12:41] [Server thread/INFO]: Preparing spawn area: 34%
[14:12:42] [Server thread/INFO]: Preparing spawn area: 62%
[14:12:43] [Server thread/INFO]: Preparing spawn area: 86%
[14:12:44] [Server thread/INFO]: Preparing start region for level 1 (Seed: 858827381333177539)
[14:12:45] [Server thread/INFO]: Preparing spawn area: 14%
[14:12:46] [Server thread/INFO]: Preparing spawn area: 22%
[14:12:47] [Server thread/INFO]: Preparing spawn area: 48%
[14:12:48] [Server thread/INFO]: Preparing spawn area: 56%
[14:12:49] [Server thread/INFO]: Preparing spawn area: 65%
[14:12:50] [Server thread/INFO]: Preparing spawn area: 81%
[14:12:51] [Server thread/INFO]: Preparing start region for level 2 (Seed: 858827381333177539)
[14:12:52] [Server thread/INFO]: Preparing spawn area: 46%
[14:12:54] [Server thread/INFO]: Preparing spawn area: 54%
[14:12:55] [Server thread/INFO]: Server permissions file permissions.yml is empty, ignoring it
[14:12:55] [Server thread/INFO]: Done (20.648s)! For help, type "help" or "?"
[14:12:55] [Server thread/INFO]: Using epoll channel type
[14:12:56] [Server thread/INFO]: Timings Reset
[14:13:20] [Server thread/WARN]: Can't keep up! Is the server overloaded? Running 34366ms or 687 ticks behind
